
                __ __      
     __________/ // / _____
    / ___/ ___/ // /_/ ___/
   / /__/ /__/__  __(__  ) 
   \___/\___/  /_/ /____/  
  Coupled Cluster for Solids

version: heads/handsOn-ct-0-g16b3fb5b, date: Tue Mar 18 11:09:00 2025 +0100
build date: Mar 18 2025 11:10:00
compiler: icc (ICC) 19.1.3.304 20200925
mpi: Intel(R) MPI Library for Linux* OS, Version 2019 Update 9 Build 20200923 (id: abd58e492)
total processes: 8
calculation started on: Mon Mar 24 10:11:58 2025

Dry run finished. Estimates provided for 8 ranks.
Memory estimate (per Rank/Total): 0.00402081 / 0.0321665 GB
Operations estimate (per Rank/Total): 5.00385 / 40.0308 GFLOPS
Time estimate with assumed performance of 10 GFLOPS/core/s: 0.500385 s (0.000138996 h)
--
step: 1, Read
Reading from text file EigenEnergies.elements
realtime 0.004675731 s
--
step: 2, Read
Reading from binary file CoulombVertex.elements
realtime 0.018869012 s
--
step: 3, DefineHolesAndParticles
number of holes     No: 5
number of particles Nv: 27
number of states    Np: 32
realtime 0.000144454 s
--
step: 4, SliceOperator
Slicing CoulombVertex.elements into holes and particles.
realtime 0.026537294 s
--
step: 5, VertexCoulombIntegrals
Using complex Coulomb integrals
number of field variables NF: 172
realtime 0.007789574 s
--
step: 6, CoupledCluster
Using method Ccsd. integralsSliceSize: 100
Using mixer DiisMixer. maxResidua: 4
Maximum number of iterations: 30
Unless reaching energy convergence dE: 1e-08
and amplitudes convergence dR: 1e-08
Iter         Energy         dE           dR         time   GF/s/core
   1  -9.04494595e+00  -9.0449e+00   2.9292e-01      0.0    0.7
   2  -9.08565650e+00  -4.0711e-02   6.4905e-02      0.1    1.5
   3  -9.51604699e+00  -4.3039e-01   2.2318e-02      0.1    2.1
   4  -9.57859972e+00  -6.2553e-02   7.9208e-03      0.1    2.0
   5  -9.60313671e+00  -2.4537e-02   3.3236e-03      0.1    2.0
   6  -9.60267454e+00   4.6217e-04   1.4844e-03      0.1    2.0
   7  -9.60913784e+00  -6.4633e-03   8.3518e-04      0.1    2.0
   8  -9.60698078e+00   2.1571e-03   5.5029e-04      0.1    2.0
   9  -9.60754050e+00  -5.5971e-04   3.3385e-04      0.1    1.8
  10  -9.60690147e+00   6.3903e-04   1.3215e-04      0.1    2.0
  11  -9.60730942e+00  -4.0795e-04   5.7773e-05      0.1    2.0
  12  -9.60747472e+00  -1.6530e-04   3.1597e-05      0.1    2.0
  13  -9.60753578e+00  -6.1062e-05   1.6855e-05      0.1    2.0
  14  -9.60751306e+00   2.2718e-05   9.7536e-06      0.1    2.0
  15  -9.60749780e+00   1.5261e-05   6.1016e-06      0.1    2.0
  16  -9.60748965e+00   8.1556e-06   3.3717e-06      0.1    2.0
  17  -9.60748982e+00  -1.6981e-07   1.7981e-06      0.1    2.0
  18  -9.60749259e+00  -2.7781e-06   1.2253e-06      0.1    2.0
  19  -9.60749467e+00  -2.0746e-06   6.1181e-07      0.1    1.9
  20  -9.60749523e+00  -5.6587e-07   3.3980e-07      0.1    2.0
  21  -9.60749520e+00   3.4366e-08   1.9508e-07      0.1    2.0
  22  -9.60749512e+00   7.9504e-08   1.2397e-07      0.1    2.0
  23  -9.60749501e+00   1.1212e-07   7.0033e-08      0.1    2.0
  24  -9.60749497e+00   3.9232e-08   4.7729e-08      0.1    2.0
  25  -9.60749495e+00   1.5961e-08   2.5780e-08      0.1    2.0
  26  -9.60749496e+00  -2.7006e-09   1.4864e-08      0.1    2.0
  27  -9.60749497e+00  -1.1626e-08   9.9618e-09      0.1    2.0
  28  -9.60749498e+00  -1.2661e-08   5.5534e-09      0.1    2.0
  29  -9.60749498e+00  -3.5347e-09   3.3656e-09      0.1    2.0

Ccsd correlation energy:          -9.607494984
2nd-order correlation energy:     -9.044945949
realtime 2.317490371 s
--
step: 7, PerturbativeCT
realtime 0.053507905 s
--
step: 8, PerturbativeTriples
Using ct
Progress(%)  time(s)   GFLOP/s      
1            0         1.116        
10           0         1.790        
20           0         1.860        
30           0         1.892        
40           0         1.901        
50           0         1.908        
59           0         1.915        
69           0         1.926        
79           0         1.929        
89           0         1.934        
99           0         1.934        
(T) correlation energy:      -0.505924681353569
(cT) correlation energy:      -0.453765565143826
realtime 0.174039856 s
--
Calculation finished successfully.
Calculation finished at: Mon Mar 24 10:12:01 2025

